<?xml version="1.0" encoding="UTF-8"?>
<!-- Generated by org.testng.reporters.JUnitReportReporter -->
<testsuite hostname="Saurabhs-Lenovo" failures="0" tests="3" name="files.DynamicJson" time="6.596" errors="0" timestamp="2024-12-01T14:29:49 IST" skipped="0">
  <testcase classname="files.DynamicJson" name="addBook" time="5.963"/>
  <testcase classname="files.DynamicJson" name="addBook" time="0.324"/>
  <testcase classname="files.DynamicJson" name="addBook" time="0.309"/>
</testsuite> <!-- files.DynamicJson -->
